mode: atomic
github.com/jimmystewpot/pdns-statsd-proxy/cmd/pdns-statsd-proxy/pdns.go:31.52,42.2 4 7
github.com/jimmystewpot/pdns-statsd-proxy/cmd/pdns-statsd-proxy/pdns.go:45.48,48.6 3 7
github.com/jimmystewpot/pdns-statsd-proxy/cmd/pdns-statsd-proxy/pdns.go:48.6,49.10 1 12
github.com/jimmystewpot/pdns-statsd-proxy/cmd/pdns-statsd-proxy/pdns.go:50.21,52.18 2 5
github.com/jimmystewpot/pdns-statsd-proxy/cmd/pdns-statsd-proxy/pdns.go:58.4,59.18 2 3
github.com/jimmystewpot/pdns-statsd-proxy/cmd/pdns-statsd-proxy/pdns.go:64.26,67.10 3 7
github.com/jimmystewpot/pdns-statsd-proxy/cmd/pdns-statsd-proxy/pdns.go:52.18,56.13 2 2
github.com/jimmystewpot/pdns-statsd-proxy/cmd/pdns-statsd-proxy/pdns.go:59.18,63.5 1 2
github.com/jimmystewpot/pdns-statsd-proxy/cmd/pdns-statsd-proxy/pdns.go:73.56,74.15 1 6
github.com/jimmystewpot/pdns-statsd-proxy/cmd/pdns-statsd-proxy/pdns.go:84.2,85.16 2 6
github.com/jimmystewpot/pdns-statsd-proxy/cmd/pdns-statsd-proxy/pdns.go:89.2,93.16 4 6
github.com/jimmystewpot/pdns-statsd-proxy/cmd/pdns-statsd-proxy/pdns.go:97.2,97.42 1 4
github.com/jimmystewpot/pdns-statsd-proxy/cmd/pdns-statsd-proxy/pdns.go:101.2,103.22 2 3
github.com/jimmystewpot/pdns-statsd-proxy/cmd/pdns-statsd-proxy/pdns.go:74.15,75.31 1 6
github.com/jimmystewpot/pdns-statsd-proxy/cmd/pdns-statsd-proxy/pdns.go:75.31,76.32 1 0
github.com/jimmystewpot/pdns-statsd-proxy/cmd/pdns-statsd-proxy/pdns.go:76.32,80.5 1 0
github.com/jimmystewpot/pdns-statsd-proxy/cmd/pdns-statsd-proxy/pdns.go:85.16,87.3 1 0
github.com/jimmystewpot/pdns-statsd-proxy/cmd/pdns-statsd-proxy/pdns.go:93.16,95.3 1 2
github.com/jimmystewpot/pdns-statsd-proxy/cmd/pdns-statsd-proxy/pdns.go:97.42,99.3 1 1
github.com/jimmystewpot/pdns-statsd-proxy/cmd/pdns-statsd-proxy/pdns.go:106.65,112.16 4 13
github.com/jimmystewpot/pdns-statsd-proxy/cmd/pdns-statsd-proxy/pdns.go:116.2,117.16 2 13
github.com/jimmystewpot/pdns-statsd-proxy/cmd/pdns-statsd-proxy/pdns.go:121.2,121.34 1 13
github.com/jimmystewpot/pdns-statsd-proxy/cmd/pdns-statsd-proxy/pdns.go:174.2,174.12 1 8
github.com/jimmystewpot/pdns-statsd-proxy/cmd/pdns-statsd-proxy/pdns.go:112.16,114.3 1 0
github.com/jimmystewpot/pdns-statsd-proxy/cmd/pdns-statsd-proxy/pdns.go:117.16,119.3 1 0
github.com/jimmystewpot/pdns-statsd-proxy/cmd/pdns-statsd-proxy/pdns.go:121.34,122.24 1 1291
github.com/jimmystewpot/pdns-statsd-proxy/cmd/pdns-statsd-proxy/pdns.go:123.24,125.18 2 1246
github.com/jimmystewpot/pdns-statsd-proxy/cmd/pdns-statsd-proxy/pdns.go:128.27,129.56 1 28
github.com/jimmystewpot/pdns-statsd-proxy/cmd/pdns-statsd-proxy/pdns.go:149.28,150.45 1 15
github.com/jimmystewpot/pdns-statsd-proxy/cmd/pdns-statsd-proxy/pdns.go:165.11,169.18 2 2
github.com/jimmystewpot/pdns-statsd-proxy/cmd/pdns-statsd-proxy/pdns.go:125.18,127.5 1 2
github.com/jimmystewpot/pdns-statsd-proxy/cmd/pdns-statsd-proxy/pdns.go:129.56,130.52 1 41
github.com/jimmystewpot/pdns-statsd-proxy/cmd/pdns-statsd-proxy/pdns.go:130.52,131.14 1 0
github.com/jimmystewpot/pdns-statsd-proxy/cmd/pdns-statsd-proxy/pdns.go:132.11,134.20 2 41
github.com/jimmystewpot/pdns-statsd-proxy/cmd/pdns-statsd-proxy/pdns.go:137.6,139.57 2 40
github.com/jimmystewpot/pdns-statsd-proxy/cmd/pdns-statsd-proxy/pdns.go:142.6,146.7 1 40
github.com/jimmystewpot/pdns-statsd-proxy/cmd/pdns-statsd-proxy/pdns.go:134.20,136.7 1 1
github.com/jimmystewpot/pdns-statsd-proxy/cmd/pdns-statsd-proxy/pdns.go:139.57,141.7 1 28
github.com/jimmystewpot/pdns-statsd-proxy/cmd/pdns-statsd-proxy/pdns.go:150.45,152.19 2 15
github.com/jimmystewpot/pdns-statsd-proxy/cmd/pdns-statsd-proxy/pdns.go:156.5,156.68 1 14
github.com/jimmystewpot/pdns-statsd-proxy/cmd/pdns-statsd-proxy/pdns.go:159.5,163.6 1 14
github.com/jimmystewpot/pdns-statsd-proxy/cmd/pdns-statsd-proxy/pdns.go:152.19,154.6 1 1
github.com/jimmystewpot/pdns-statsd-proxy/cmd/pdns-statsd-proxy/pdns.go:156.68,158.6 1 14
github.com/jimmystewpot/pdns-statsd-proxy/cmd/pdns-statsd-proxy/pdns.go:169.18,171.5 1 1
github.com/jimmystewpot/pdns-statsd-proxy/cmd/pdns-statsd-proxy/pdns.go:177.99,179.40 2 1248
github.com/jimmystewpot/pdns-statsd-proxy/cmd/pdns-statsd-proxy/pdns.go:209.2,209.12 1 1245
github.com/jimmystewpot/pdns-statsd-proxy/cmd/pdns-statsd-proxy/pdns.go:179.40,181.17 2 1248
github.com/jimmystewpot/pdns-statsd-proxy/cmd/pdns-statsd-proxy/pdns.go:184.3,184.18 1 1245
github.com/jimmystewpot/pdns-statsd-proxy/cmd/pdns-statsd-proxy/pdns.go:192.3,192.54 1 1245
github.com/jimmystewpot/pdns-statsd-proxy/cmd/pdns-statsd-proxy/pdns.go:196.3,207.4 3 1245
github.com/jimmystewpot/pdns-statsd-proxy/cmd/pdns-statsd-proxy/pdns.go:181.17,183.4 1 3
github.com/jimmystewpot/pdns-statsd-proxy/cmd/pdns-statsd-proxy/pdns.go:185.13,186.44 1 1
github.com/jimmystewpot/pdns-statsd-proxy/cmd/pdns-statsd-proxy/pdns.go:187.11,188.17 1 1244
github.com/jimmystewpot/pdns-statsd-proxy/cmd/pdns-statsd-proxy/pdns.go:192.54,194.4 1 915
github.com/jimmystewpot/pdns-statsd-proxy/cmd/pdns-statsd-proxy/stats.go:19.29,20.11 1 343
github.com/jimmystewpot/pdns-statsd-proxy/cmd/pdns-statsd-proxy/stats.go:23.2,23.10 1 342
github.com/jimmystewpot/pdns-statsd-proxy/cmd/pdns-statsd-proxy/stats.go:20.11,22.3 1 1
github.com/jimmystewpot/pdns-statsd-proxy/cmd/pdns-statsd-proxy/stats.go:27.67,32.29 4 5
github.com/jimmystewpot/pdns-statsd-proxy/cmd/pdns-statsd-proxy/stats.go:48.2,48.79 1 1
github.com/jimmystewpot/pdns-statsd-proxy/cmd/pdns-statsd-proxy/stats.go:32.29,33.23 1 4
github.com/jimmystewpot/pdns-statsd-proxy/cmd/pdns-statsd-proxy/stats.go:39.3,40.17 2 4
github.com/jimmystewpot/pdns-statsd-proxy/cmd/pdns-statsd-proxy/stats.go:43.3,45.26 2 3
github.com/jimmystewpot/pdns-statsd-proxy/cmd/pdns-statsd-proxy/stats.go:33.23,35.4 1 4
github.com/jimmystewpot/pdns-statsd-proxy/cmd/pdns-statsd-proxy/stats.go:35.9,37.4 1 0
github.com/jimmystewpot/pdns-statsd-proxy/cmd/pdns-statsd-proxy/stats.go:40.17,42.4 1 1
github.com/jimmystewpot/pdns-statsd-proxy/cmd/pdns-statsd-proxy/stats.go:52.34,55.6 2 1
github.com/jimmystewpot/pdns-statsd-proxy/cmd/pdns-statsd-proxy/stats.go:55.6,56.10 1 457
github.com/jimmystewpot/pdns-statsd-proxy/cmd/pdns-statsd-proxy/stats.go:57.32,59.18 2 456
github.com/jimmystewpot/pdns-statsd-proxy/cmd/pdns-statsd-proxy/stats.go:67.27,69.18 2 1
github.com/jimmystewpot/pdns-statsd-proxy/cmd/pdns-statsd-proxy/stats.go:74.4,77.10 4 1
github.com/jimmystewpot/pdns-statsd-proxy/cmd/pdns-statsd-proxy/stats.go:59.18,66.5 1 342
github.com/jimmystewpot/pdns-statsd-proxy/cmd/pdns-statsd-proxy/stats.go:69.18,73.5 1 0
github.com/jimmystewpot/pdns-statsd-proxy/cmd/pdns-statsd-proxy/stats.go:83.80,84.15 1 457
github.com/jimmystewpot/pdns-statsd-proxy/cmd/pdns-statsd-proxy/stats.go:94.2,94.16 1 457
github.com/jimmystewpot/pdns-statsd-proxy/cmd/pdns-statsd-proxy/stats.go:113.2,113.12 1 114
github.com/jimmystewpot/pdns-statsd-proxy/cmd/pdns-statsd-proxy/stats.go:84.15,85.31 1 457
github.com/jimmystewpot/pdns-statsd-proxy/cmd/pdns-statsd-proxy/stats.go:85.31,86.32 1 0
github.com/jimmystewpot/pdns-statsd-proxy/cmd/pdns-statsd-proxy/stats.go:86.32,90.5 1 0
github.com/jimmystewpot/pdns-statsd-proxy/cmd/pdns-statsd-proxy/stats.go:95.13,97.17 2 1
github.com/jimmystewpot/pdns-statsd-proxy/cmd/pdns-statsd-proxy/stats.go:100.25,103.53 1 456
github.com/jimmystewpot/pdns-statsd-proxy/cmd/pdns-statsd-proxy/stats.go:97.17,99.4 1 1
github.com/jimmystewpot/pdns-statsd-proxy/cmd/pdns-statsd-proxy/stats.go:103.53,104.17 1 456
github.com/jimmystewpot/pdns-statsd-proxy/cmd/pdns-statsd-proxy/stats.go:110.4,110.45 1 114
github.com/jimmystewpot/pdns-statsd-proxy/cmd/pdns-statsd-proxy/stats.go:104.17,106.19 2 342
github.com/jimmystewpot/pdns-statsd-proxy/cmd/pdns-statsd-proxy/stats.go:106.19,108.6 1 342
github.com/jimmystewpot/pdns-statsd-proxy/cmd/pdns-statsd-proxy/stats.go:116.36,135.34 3 2
github.com/jimmystewpot/pdns-statsd-proxy/cmd/pdns-statsd-proxy/stats.go:138.2,138.14 1 2
github.com/jimmystewpot/pdns-statsd-proxy/cmd/pdns-statsd-proxy/stats.go:135.34,137.3 1 30
github.com/jimmystewpot/pdns-statsd-proxy/cmd/pdns-statsd-proxy/config.go:28.31,29.22 1 5
github.com/jimmystewpot/pdns-statsd-proxy/cmd/pdns-statsd-proxy/config.go:33.2,35.24 2 5
github.com/jimmystewpot/pdns-statsd-proxy/cmd/pdns-statsd-proxy/config.go:38.2,42.25 4 5
github.com/jimmystewpot/pdns-statsd-proxy/cmd/pdns-statsd-proxy/config.go:47.2,50.22 3 5
github.com/jimmystewpot/pdns-statsd-proxy/cmd/pdns-statsd-proxy/config.go:29.22,32.3 2 0
github.com/jimmystewpot/pdns-statsd-proxy/cmd/pdns-statsd-proxy/config.go:35.24,37.3 1 1
github.com/jimmystewpot/pdns-statsd-proxy/cmd/pdns-statsd-proxy/config.go:42.25,43.24 1 1
github.com/jimmystewpot/pdns-statsd-proxy/cmd/pdns-statsd-proxy/config.go:43.24,45.4 1 1
github.com/jimmystewpot/pdns-statsd-proxy/cmd/pdns-statsd-proxy/config.go:54.34,55.16 1 5
github.com/jimmystewpot/pdns-statsd-proxy/cmd/pdns-statsd-proxy/config.go:59.2,60.16 2 5
github.com/jimmystewpot/pdns-statsd-proxy/cmd/pdns-statsd-proxy/config.go:67.2,68.16 2 4
github.com/jimmystewpot/pdns-statsd-proxy/cmd/pdns-statsd-proxy/config.go:76.2,82.13 6 2
github.com/jimmystewpot/pdns-statsd-proxy/cmd/pdns-statsd-proxy/config.go:55.16,57.3 1 0
github.com/jimmystewpot/pdns-statsd-proxy/cmd/pdns-statsd-proxy/config.go:60.16,65.3 2 1
github.com/jimmystewpot/pdns-statsd-proxy/cmd/pdns-statsd-proxy/config.go:68.16,73.3 2 2
github.com/jimmystewpot/pdns-statsd-proxy/cmd/pdns-statsd-proxy/config.go:85.41,86.24 1 5
github.com/jimmystewpot/pdns-statsd-proxy/cmd/pdns-statsd-proxy/config.go:89.2,89.12 1 4
github.com/jimmystewpot/pdns-statsd-proxy/cmd/pdns-statsd-proxy/config.go:86.24,88.3 1 1
github.com/jimmystewpot/pdns-statsd-proxy/cmd/pdns-statsd-proxy/config.go:92.38,93.25 1 4
github.com/jimmystewpot/pdns-statsd-proxy/cmd/pdns-statsd-proxy/config.go:97.2,97.12 1 2
github.com/jimmystewpot/pdns-statsd-proxy/cmd/pdns-statsd-proxy/config.go:93.25,95.3 1 2
github.com/jimmystewpot/pdns-statsd-proxy/cmd/pdns-statsd-proxy/config.go:101.49,103.11 2 22
github.com/jimmystewpot/pdns-statsd-proxy/cmd/pdns-statsd-proxy/config.go:106.2,106.13 1 21
github.com/jimmystewpot/pdns-statsd-proxy/cmd/pdns-statsd-proxy/config.go:103.11,105.3 1 1
github.com/jimmystewpot/pdns-statsd-proxy/cmd/pdns-statsd-proxy/log.go:16.44,17.26 1 1
github.com/jimmystewpot/pdns-statsd-proxy/cmd/pdns-statsd-proxy/log.go:17.26,18.36 1 1
github.com/jimmystewpot/pdns-statsd-proxy/cmd/pdns-statsd-proxy/log.go:18.36,21.4 1 1
github.com/jimmystewpot/pdns-statsd-proxy/cmd/pdns-statsd-proxy/log.go:26.25,28.16 2 1
github.com/jimmystewpot/pdns-statsd-proxy/cmd/pdns-statsd-proxy/log.go:32.2,33.12 2 1
github.com/jimmystewpot/pdns-statsd-proxy/cmd/pdns-statsd-proxy/log.go:28.16,30.3 1 0
github.com/jimmystewpot/pdns-statsd-proxy/cmd/pdns-statsd-proxy/main.go:42.55,43.6 1 1
github.com/jimmystewpot/pdns-statsd-proxy/cmd/pdns-statsd-proxy/main.go:43.6,44.10 1 1
github.com/jimmystewpot/pdns-statsd-proxy/cmd/pdns-statsd-proxy/main.go:45.14,51.10 6 1
github.com/jimmystewpot/pdns-statsd-proxy/cmd/pdns-statsd-proxy/main.go:56.13,58.16 2 0
github.com/jimmystewpot/pdns-statsd-proxy/cmd/pdns-statsd-proxy/main.go:63.2,64.24 2 0
github.com/jimmystewpot/pdns-statsd-proxy/cmd/pdns-statsd-proxy/main.go:69.2,70.16 2 0
github.com/jimmystewpot/pdns-statsd-proxy/cmd/pdns-statsd-proxy/main.go:75.2,91.19 10 0
github.com/jimmystewpot/pdns-statsd-proxy/cmd/pdns-statsd-proxy/main.go:58.16,61.3 2 0
github.com/jimmystewpot/pdns-statsd-proxy/cmd/pdns-statsd-proxy/main.go:64.24,66.3 1 0
github.com/jimmystewpot/pdns-statsd-proxy/cmd/pdns-statsd-proxy/main.go:70.16,72.3 1 0
