mode: atomic
github.com/jimmystewpot/pdns-statsd-proxy/cmd/pdns-statsd-proxy/stats.go:19.29,20.11 1 303
github.com/jimmystewpot/pdns-statsd-proxy/cmd/pdns-statsd-proxy/stats.go:23.2,23.10 1 303
github.com/jimmystewpot/pdns-statsd-proxy/cmd/pdns-statsd-proxy/stats.go:20.11,22.3 1 0
github.com/jimmystewpot/pdns-statsd-proxy/cmd/pdns-statsd-proxy/stats.go:27.67,32.29 4 5
github.com/jimmystewpot/pdns-statsd-proxy/cmd/pdns-statsd-proxy/stats.go:48.2,48.79 1 1
github.com/jimmystewpot/pdns-statsd-proxy/cmd/pdns-statsd-proxy/stats.go:32.29,33.23 1 4
github.com/jimmystewpot/pdns-statsd-proxy/cmd/pdns-statsd-proxy/stats.go:39.3,40.17 2 4
github.com/jimmystewpot/pdns-statsd-proxy/cmd/pdns-statsd-proxy/stats.go:43.3,45.26 2 3
github.com/jimmystewpot/pdns-statsd-proxy/cmd/pdns-statsd-proxy/stats.go:33.23,35.4 1 4
github.com/jimmystewpot/pdns-statsd-proxy/cmd/pdns-statsd-proxy/stats.go:35.9,37.4 1 0
github.com/jimmystewpot/pdns-statsd-proxy/cmd/pdns-statsd-proxy/stats.go:40.17,42.4 1 1
github.com/jimmystewpot/pdns-statsd-proxy/cmd/pdns-statsd-proxy/stats.go:52.34,55.6 2 1
github.com/jimmystewpot/pdns-statsd-proxy/cmd/pdns-statsd-proxy/stats.go:55.6,56.10 1 457
github.com/jimmystewpot/pdns-statsd-proxy/cmd/pdns-statsd-proxy/stats.go:57.32,59.18 2 456
github.com/jimmystewpot/pdns-statsd-proxy/cmd/pdns-statsd-proxy/stats.go:67.27,69.18 2 1
github.com/jimmystewpot/pdns-statsd-proxy/cmd/pdns-statsd-proxy/stats.go:74.4,77.10 4 1
github.com/jimmystewpot/pdns-statsd-proxy/cmd/pdns-statsd-proxy/stats.go:59.18,66.5 1 303
github.com/jimmystewpot/pdns-statsd-proxy/cmd/pdns-statsd-proxy/stats.go:69.18,73.5 1 0
github.com/jimmystewpot/pdns-statsd-proxy/cmd/pdns-statsd-proxy/stats.go:83.80,84.15 1 456
github.com/jimmystewpot/pdns-statsd-proxy/cmd/pdns-statsd-proxy/stats.go:94.2,94.16 1 456
github.com/jimmystewpot/pdns-statsd-proxy/cmd/pdns-statsd-proxy/stats.go:114.2,114.12 1 153
github.com/jimmystewpot/pdns-statsd-proxy/cmd/pdns-statsd-proxy/stats.go:84.15,85.31 1 456
github.com/jimmystewpot/pdns-statsd-proxy/cmd/pdns-statsd-proxy/stats.go:85.31,86.32 1 0
github.com/jimmystewpot/pdns-statsd-proxy/cmd/pdns-statsd-proxy/stats.go:86.32,90.5 1 0
github.com/jimmystewpot/pdns-statsd-proxy/cmd/pdns-statsd-proxy/stats.go:95.13,97.17 2 52
github.com/jimmystewpot/pdns-statsd-proxy/cmd/pdns-statsd-proxy/stats.go:100.25,104.53 2 404
github.com/jimmystewpot/pdns-statsd-proxy/cmd/pdns-statsd-proxy/stats.go:97.17,99.4 1 0
github.com/jimmystewpot/pdns-statsd-proxy/cmd/pdns-statsd-proxy/stats.go:104.53,105.17 1 404
github.com/jimmystewpot/pdns-statsd-proxy/cmd/pdns-statsd-proxy/stats.go:111.4,111.45 1 101
github.com/jimmystewpot/pdns-statsd-proxy/cmd/pdns-statsd-proxy/stats.go:105.17,107.19 2 303
github.com/jimmystewpot/pdns-statsd-proxy/cmd/pdns-statsd-proxy/stats.go:107.19,109.6 1 303
github.com/jimmystewpot/pdns-statsd-proxy/cmd/pdns-statsd-proxy/stats.go:117.36,136.34 3 3
github.com/jimmystewpot/pdns-statsd-proxy/cmd/pdns-statsd-proxy/stats.go:139.2,139.14 1 3
github.com/jimmystewpot/pdns-statsd-proxy/cmd/pdns-statsd-proxy/stats.go:136.34,138.3 1 45
github.com/jimmystewpot/pdns-statsd-proxy/cmd/pdns-statsd-proxy/config.go:28.31,29.22 1 1
github.com/jimmystewpot/pdns-statsd-proxy/cmd/pdns-statsd-proxy/config.go:33.2,43.22 9 1
github.com/jimmystewpot/pdns-statsd-proxy/cmd/pdns-statsd-proxy/config.go:29.22,32.3 2 0
github.com/jimmystewpot/pdns-statsd-proxy/cmd/pdns-statsd-proxy/config.go:47.34,48.16 1 1
github.com/jimmystewpot/pdns-statsd-proxy/cmd/pdns-statsd-proxy/config.go:51.2,58.16 6 1
github.com/jimmystewpot/pdns-statsd-proxy/cmd/pdns-statsd-proxy/config.go:65.2,66.13 2 1
github.com/jimmystewpot/pdns-statsd-proxy/cmd/pdns-statsd-proxy/config.go:74.2,76.13 2 0
github.com/jimmystewpot/pdns-statsd-proxy/cmd/pdns-statsd-proxy/config.go:48.16,50.3 1 0
github.com/jimmystewpot/pdns-statsd-proxy/cmd/pdns-statsd-proxy/config.go:58.16,63.3 2 0
github.com/jimmystewpot/pdns-statsd-proxy/cmd/pdns-statsd-proxy/config.go:66.13,71.3 2 1
github.com/jimmystewpot/pdns-statsd-proxy/cmd/pdns-statsd-proxy/config.go:79.51,80.29 1 3
github.com/jimmystewpot/pdns-statsd-proxy/cmd/pdns-statsd-proxy/config.go:83.2,83.18 1 2
github.com/jimmystewpot/pdns-statsd-proxy/cmd/pdns-statsd-proxy/config.go:80.29,82.3 1 1
github.com/jimmystewpot/pdns-statsd-proxy/cmd/pdns-statsd-proxy/config.go:86.52,87.30 1 3
github.com/jimmystewpot/pdns-statsd-proxy/cmd/pdns-statsd-proxy/config.go:96.2,96.18 1 1
github.com/jimmystewpot/pdns-statsd-proxy/cmd/pdns-statsd-proxy/config.go:87.30,91.31 2 2
github.com/jimmystewpot/pdns-statsd-proxy/cmd/pdns-statsd-proxy/config.go:91.31,93.4 1 2
github.com/jimmystewpot/pdns-statsd-proxy/cmd/pdns-statsd-proxy/config.go:100.49,102.11 2 22
github.com/jimmystewpot/pdns-statsd-proxy/cmd/pdns-statsd-proxy/config.go:105.2,105.13 1 21
github.com/jimmystewpot/pdns-statsd-proxy/cmd/pdns-statsd-proxy/config.go:102.11,104.3 1 1
github.com/jimmystewpot/pdns-statsd-proxy/cmd/pdns-statsd-proxy/config.go:109.46,111.2 1 20
github.com/jimmystewpot/pdns-statsd-proxy/cmd/pdns-statsd-proxy/config.go:114.34,116.2 1 101
github.com/jimmystewpot/pdns-statsd-proxy/cmd/pdns-statsd-proxy/config.go:119.28,121.2 1 19
github.com/jimmystewpot/pdns-statsd-proxy/cmd/pdns-statsd-proxy/log.go:14.44,15.26 1 0
github.com/jimmystewpot/pdns-statsd-proxy/cmd/pdns-statsd-proxy/log.go:15.26,16.36 1 0
github.com/jimmystewpot/pdns-statsd-proxy/cmd/pdns-statsd-proxy/log.go:16.36,19.4 1 0
github.com/jimmystewpot/pdns-statsd-proxy/cmd/pdns-statsd-proxy/log.go:24.25,26.16 2 0
github.com/jimmystewpot/pdns-statsd-proxy/cmd/pdns-statsd-proxy/log.go:30.2,31.12 2 0
github.com/jimmystewpot/pdns-statsd-proxy/cmd/pdns-statsd-proxy/log.go:26.16,28.3 1 0
github.com/jimmystewpot/pdns-statsd-proxy/cmd/pdns-statsd-proxy/main.go:40.55,49.2 6 1
github.com/jimmystewpot/pdns-statsd-proxy/cmd/pdns-statsd-proxy/main.go:51.13,53.16 2 0
github.com/jimmystewpot/pdns-statsd-proxy/cmd/pdns-statsd-proxy/main.go:58.2,59.24 2 0
github.com/jimmystewpot/pdns-statsd-proxy/cmd/pdns-statsd-proxy/main.go:64.2,65.16 2 0
github.com/jimmystewpot/pdns-statsd-proxy/cmd/pdns-statsd-proxy/main.go:70.2,87.19 10 0
github.com/jimmystewpot/pdns-statsd-proxy/cmd/pdns-statsd-proxy/main.go:53.16,56.3 2 0
github.com/jimmystewpot/pdns-statsd-proxy/cmd/pdns-statsd-proxy/main.go:59.24,61.3 1 0
github.com/jimmystewpot/pdns-statsd-proxy/cmd/pdns-statsd-proxy/main.go:65.16,67.3 1 0
github.com/jimmystewpot/pdns-statsd-proxy/cmd/pdns-statsd-proxy/pdns.go:31.52,44.2 5 5
github.com/jimmystewpot/pdns-statsd-proxy/cmd/pdns-statsd-proxy/pdns.go:47.48,50.6 3 5
github.com/jimmystewpot/pdns-statsd-proxy/cmd/pdns-statsd-proxy/pdns.go:50.6,51.10 1 9
github.com/jimmystewpot/pdns-statsd-proxy/cmd/pdns-statsd-proxy/pdns.go:52.21,54.18 2 4
github.com/jimmystewpot/pdns-statsd-proxy/cmd/pdns-statsd-proxy/pdns.go:60.4,61.18 2 2
github.com/jimmystewpot/pdns-statsd-proxy/cmd/pdns-statsd-proxy/pdns.go:66.26,69.10 3 5
github.com/jimmystewpot/pdns-statsd-proxy/cmd/pdns-statsd-proxy/pdns.go:54.18,58.13 2 2
github.com/jimmystewpot/pdns-statsd-proxy/cmd/pdns-statsd-proxy/pdns.go:61.18,65.5 1 0
github.com/jimmystewpot/pdns-statsd-proxy/cmd/pdns-statsd-proxy/pdns.go:75.56,76.15 1 4
github.com/jimmystewpot/pdns-statsd-proxy/cmd/pdns-statsd-proxy/pdns.go:86.2,87.16 2 4
github.com/jimmystewpot/pdns-statsd-proxy/cmd/pdns-statsd-proxy/pdns.go:91.2,95.16 4 4
github.com/jimmystewpot/pdns-statsd-proxy/cmd/pdns-statsd-proxy/pdns.go:99.2,99.42 1 4
github.com/jimmystewpot/pdns-statsd-proxy/cmd/pdns-statsd-proxy/pdns.go:103.2,105.22 2 2
github.com/jimmystewpot/pdns-statsd-proxy/cmd/pdns-statsd-proxy/pdns.go:76.15,77.31 1 4
github.com/jimmystewpot/pdns-statsd-proxy/cmd/pdns-statsd-proxy/pdns.go:77.31,78.32 1 0
github.com/jimmystewpot/pdns-statsd-proxy/cmd/pdns-statsd-proxy/pdns.go:78.32,82.5 1 0
github.com/jimmystewpot/pdns-statsd-proxy/cmd/pdns-statsd-proxy/pdns.go:87.16,89.3 1 0
github.com/jimmystewpot/pdns-statsd-proxy/cmd/pdns-statsd-proxy/pdns.go:95.16,97.3 1 0
github.com/jimmystewpot/pdns-statsd-proxy/cmd/pdns-statsd-proxy/pdns.go:99.42,101.3 1 2
github.com/jimmystewpot/pdns-statsd-proxy/cmd/pdns-statsd-proxy/pdns.go:108.65,114.16 4 11
github.com/jimmystewpot/pdns-statsd-proxy/cmd/pdns-statsd-proxy/pdns.go:118.2,119.16 2 11
github.com/jimmystewpot/pdns-statsd-proxy/cmd/pdns-statsd-proxy/pdns.go:123.2,123.29 1 11
github.com/jimmystewpot/pdns-statsd-proxy/cmd/pdns-statsd-proxy/pdns.go:173.2,173.12 1 9
github.com/jimmystewpot/pdns-statsd-proxy/cmd/pdns-statsd-proxy/pdns.go:114.16,116.3 1 0
github.com/jimmystewpot/pdns-statsd-proxy/cmd/pdns-statsd-proxy/pdns.go:119.16,121.3 1 0
github.com/jimmystewpot/pdns-statsd-proxy/cmd/pdns-statsd-proxy/pdns.go:123.29,124.20 1 1183
github.com/jimmystewpot/pdns-statsd-proxy/cmd/pdns-statsd-proxy/pdns.go:125.24,127.18 2 1136
github.com/jimmystewpot/pdns-statsd-proxy/cmd/pdns-statsd-proxy/pdns.go:130.4,130.12 1 1135
github.com/jimmystewpot/pdns-statsd-proxy/cmd/pdns-statsd-proxy/pdns.go:131.27,133.18 2 30
github.com/jimmystewpot/pdns-statsd-proxy/cmd/pdns-statsd-proxy/pdns.go:136.4,136.12 1 30
github.com/jimmystewpot/pdns-statsd-proxy/cmd/pdns-statsd-proxy/pdns.go:137.28,139.18 2 15
github.com/jimmystewpot/pdns-statsd-proxy/cmd/pdns-statsd-proxy/pdns.go:142.4,142.12 1 14
github.com/jimmystewpot/pdns-statsd-proxy/cmd/pdns-statsd-proxy/pdns.go:143.11,146.42 1 2
github.com/jimmystewpot/pdns-statsd-proxy/cmd/pdns-statsd-proxy/pdns.go:127.18,129.5 1 1
github.com/jimmystewpot/pdns-statsd-proxy/cmd/pdns-statsd-proxy/pdns.go:133.18,135.5 1 0
github.com/jimmystewpot/pdns-statsd-proxy/cmd/pdns-statsd-proxy/pdns.go:139.18,141.5 1 1
github.com/jimmystewpot/pdns-statsd-proxy/cmd/pdns-statsd-proxy/pdns.go:146.42,148.19 2 2
github.com/jimmystewpot/pdns-statsd-proxy/cmd/pdns-statsd-proxy/pdns.go:151.5,153.56 2 2
github.com/jimmystewpot/pdns-statsd-proxy/cmd/pdns-statsd-proxy/pdns.go:157.5,169.13 4 2
github.com/jimmystewpot/pdns-statsd-proxy/cmd/pdns-statsd-proxy/pdns.go:148.19,150.6 1 0
github.com/jimmystewpot/pdns-statsd-proxy/cmd/pdns-statsd-proxy/pdns.go:153.56,155.6 1 2
github.com/jimmystewpot/pdns-statsd-proxy/cmd/pdns-statsd-proxy/pdns.go:177.57,178.40 1 1136
github.com/jimmystewpot/pdns-statsd-proxy/cmd/pdns-statsd-proxy/pdns.go:203.2,203.12 1 1014
github.com/jimmystewpot/pdns-statsd-proxy/cmd/pdns-statsd-proxy/pdns.go:178.40,180.17 2 1136
github.com/jimmystewpot/pdns-statsd-proxy/cmd/pdns-statsd-proxy/pdns.go:183.3,183.41 1 1135
github.com/jimmystewpot/pdns-statsd-proxy/cmd/pdns-statsd-proxy/pdns.go:193.3,193.62 1 1014
github.com/jimmystewpot/pdns-statsd-proxy/cmd/pdns-statsd-proxy/pdns.go:197.3,201.4 1 1014
github.com/jimmystewpot/pdns-statsd-proxy/cmd/pdns-statsd-proxy/pdns.go:180.17,182.4 1 1
github.com/jimmystewpot/pdns-statsd-proxy/cmd/pdns-statsd-proxy/pdns.go:183.41,190.4 2 121
github.com/jimmystewpot/pdns-statsd-proxy/cmd/pdns-statsd-proxy/pdns.go:193.62,195.4 1 723
github.com/jimmystewpot/pdns-statsd-proxy/cmd/pdns-statsd-proxy/pdns.go:206.60,207.47 1 30
github.com/jimmystewpot/pdns-statsd-proxy/cmd/pdns-statsd-proxy/pdns.go:225.2,225.12 1 30
github.com/jimmystewpot/pdns-statsd-proxy/cmd/pdns-statsd-proxy/pdns.go:207.47,208.46 1 42
github.com/jimmystewpot/pdns-statsd-proxy/cmd/pdns-statsd-proxy/pdns.go:208.46,210.18 2 42
github.com/jimmystewpot/pdns-statsd-proxy/cmd/pdns-statsd-proxy/pdns.go:213.4,215.55 2 42
github.com/jimmystewpot/pdns-statsd-proxy/cmd/pdns-statsd-proxy/pdns.go:218.4,222.5 1 42
github.com/jimmystewpot/pdns-statsd-proxy/cmd/pdns-statsd-proxy/pdns.go:210.18,212.5 1 0
github.com/jimmystewpot/pdns-statsd-proxy/cmd/pdns-statsd-proxy/pdns.go:215.55,217.5 1 30
github.com/jimmystewpot/pdns-statsd-proxy/cmd/pdns-statsd-proxy/pdns.go:228.61,229.39 1 15
github.com/jimmystewpot/pdns-statsd-proxy/cmd/pdns-statsd-proxy/pdns.go:245.2,245.12 1 14
github.com/jimmystewpot/pdns-statsd-proxy/cmd/pdns-statsd-proxy/pdns.go:229.39,231.17 2 15
github.com/jimmystewpot/pdns-statsd-proxy/cmd/pdns-statsd-proxy/pdns.go:236.3,236.62 1 14
github.com/jimmystewpot/pdns-statsd-proxy/cmd/pdns-statsd-proxy/pdns.go:239.3,243.4 1 14
github.com/jimmystewpot/pdns-statsd-proxy/cmd/pdns-statsd-proxy/pdns.go:231.17,233.4 1 1
github.com/jimmystewpot/pdns-statsd-proxy/cmd/pdns-statsd-proxy/pdns.go:236.62,238.4 1 14
